TN:
SF:src\lib\auth-errors.ts
FN:16,getAuthError
FNF:1
FNH:1
FNDA:11,getAuthError
DA:1,1
DA:17,11
DA:19,5
DA:20,32
DA:23,3
DA:24,2
DA:27,1
LF:7
LH:7
BRDA:17,0,0,6
BRDA:17,0,1,5
BRDA:20,1,0,2
BRDA:20,1,1,30
BRDA:23,2,0,2
BRDA:23,2,1,1
BRDA:23,3,0,3
BRDA:23,3,1,2
BRF:8
BRH:8
end_of_record
TN:
SF:src\lib\ai\cache.ts
FN:50,lookupUserDictionary
FN:59,(anonymous_1)
FN:74,(anonymous_2)
FN:96,lookupGlobalCache
FN:104,(anonymous_4)
FN:119,(anonymous_5)
FNF:6
FNH:6
FNDA:4,lookupUserDictionary
FNDA:3,(anonymous_1)
FNDA:1,(anonymous_2)
FNDA:4,lookupGlobalCache
FNDA:3,(anonymous_4)
FNDA:2,(anonymous_5)
DA:55,4
DA:57,4
DA:59,3
DA:61,3
DA:67,3
DA:68,1
DA:69,1
DA:72,2
DA:74,1
DA:76,1
DA:77,1
DA:78,1
DA:79,1
DA:87,1
DA:100,4
DA:102,4
DA:104,3
DA:106,3
DA:111,3
DA:112,1
DA:113,1
DA:116,2
DA:118,2
DA:119,2
DA:122,2
DA:123,2
DA:124,2
DA:125,2
DA:134,2
LF:29
LH:29
BRDA:57,0,0,1
BRDA:57,0,1,3
BRDA:67,1,0,1
BRDA:67,1,1,2
BRDA:72,2,0,1
BRDA:72,2,1,1
BRDA:72,3,0,2
BRDA:72,3,1,2
BRDA:78,4,0,1
BRDA:78,4,1,0
BRDA:102,5,0,1
BRDA:102,5,1,3
BRDA:111,6,0,1
BRDA:111,6,1,2
BRDA:116,7,0,0
BRDA:116,7,1,2
BRDA:116,8,0,2
BRDA:116,8,1,2
BRDA:124,9,0,2
BRDA:124,9,1,0
BRDA:129,10,0,2
BRDA:129,10,1,0
BRF:22
BRH:18
end_of_record
TN:
SF:src\lib\ai\categorizer.ts
FN:20,normalizeDescription
FN:153,categorizeByKeywords
FN:180,categorizeBatch
FN:209,(anonymous_3)
FN:226,saveCategorizations
FN:238,(anonymous_5)
FN:240,(anonymous_6)
FNF:7
FNH:6
FNDA:225,normalizeDescription
FNDA:118,categorizeByKeywords
FNDA:7,categorizeBatch
FNDA:0,(anonymous_3)
FNDA:2,saveCategorizations
FNDA:1,(anonymous_5)
FNDA:2,(anonymous_6)
DA:15,1
DA:16,1
DA:21,225
DA:40,1
DA:154,118
DA:155,118
DA:156,764
DA:157,9936
DA:158,113
DA:162,5
DA:184,7
DA:186,7
DA:188,6
DA:190,6
DA:191,106
DA:192,106
DA:195,106
DA:196,102
DA:205,6
DA:206,4
DA:210,0
DA:214,6
DA:230,2
DA:232,1
DA:233,1
DA:234,1
DA:237,1
DA:239,1
DA:241,2
DA:250,2
DA:251,0
LF:31
LH:29
BRDA:157,0,0,113
BRDA:157,0,1,9823
BRDA:186,1,0,1
BRDA:186,1,1,6
BRDA:195,2,0,102
BRDA:195,2,1,4
BRDA:205,3,0,4
BRDA:205,3,1,2
BRDA:210,4,0,0
BRDA:210,4,1,0
BRDA:230,5,0,1
BRDA:230,5,1,1
BRDA:246,6,0,2
BRDA:246,6,1,1
BRDA:250,7,0,0
BRDA:250,7,1,2
BRF:16
BRH:13
end_of_record
TN:
SF:src\lib\ai\category-correction.ts
FN:17,saveCorrection
FN:49,findSameDescriptionIds
FN:68,(anonymous_2)
FN:69,(anonymous_3)
FNF:4
FNH:4
FNDA:5,saveCorrection
FNDA:4,findSameDescriptionIds
FNDA:4,(anonymous_2)
FNDA:2,(anonymous_3)
DA:21,5
DA:24,5
DA:29,5
DA:32,4
DA:44,4
DA:55,4
DA:61,4
DA:62,1
DA:63,1
DA:66,3
DA:67,3
DA:68,4
DA:69,2
LF:13
LH:13
BRDA:29,0,0,1
BRDA:29,0,1,4
BRDA:44,1,0,1
BRDA:44,1,1,3
BRDA:61,2,0,1
BRDA:61,2,1,3
BRDA:67,3,0,3
BRDA:67,3,1,0
BRF:8
BRH:7
end_of_record
TN:
SF:src\lib\ai\chat.ts
FN:44,buildFinancialContext
FN:61,(anonymous_1)
FN:62,(anonymous_2)
FN:64,(anonymous_3)
FN:65,(anonymous_4)
FN:69,(anonymous_5)
FN:77,(anonymous_6)
FN:78,(anonymous_7)
FN:83,(anonymous_8)
FN:88,(anonymous_9)
FN:89,(anonymous_10)
FN:106,(anonymous_11)
FN:107,(anonymous_12)
FN:109,(anonymous_13)
FN:110,(anonymous_14)
FN:144,checkAndResetRateLimit
FNF:16
FNH:12
FNDA:6,buildFinancialContext
FNDA:17,(anonymous_1)
FNDA:3,(anonymous_2)
FNDA:17,(anonymous_3)
FNDA:14,(anonymous_4)
FNDA:17,(anonymous_5)
FNDA:13,(anonymous_6)
FNDA:16,(anonymous_7)
FNDA:17,(anonymous_8)
FNDA:14,(anonymous_9)
FNDA:19,(anonymous_10)
FNDA:0,(anonymous_11)
FNDA:0,(anonymous_12)
FNDA:0,(anonymous_13)
FNDA:0,(anonymous_14)
FNDA:7,checkAndResetRateLimit
DA:48,6
DA:49,6
DA:52,6
DA:59,6
DA:60,6
DA:61,17
DA:62,3
DA:63,6
DA:64,17
DA:65,14
DA:68,6
DA:69,17
DA:70,14
DA:71,14
DA:76,6
DA:77,13
DA:78,16
DA:82,6
DA:83,17
DA:84,14
DA:85,14
DA:87,6
DA:88,14
DA:89,19
DA:93,6
DA:94,6
DA:95,18
DA:96,18
DA:97,18
DA:104,18
DA:105,18
DA:106,0
DA:107,0
DA:108,18
DA:109,0
DA:110,0
DA:112,18
DA:120,18
DA:122,18
DA:149,7
DA:150,7
DA:154,7
DA:155,7
DA:157,7
DA:160,7
DA:162,7
DA:164,7
DA:165,1
DA:172,1
DA:175,7
LF:50
LH:46
BRDA:59,0,0,6
BRDA:59,0,1,0
BRDA:70,1,0,14
BRDA:70,1,1,13
BRDA:85,2,0,14
BRDA:85,2,1,14
BRDA:104,3,0,18
BRDA:104,3,1,0
BRDA:150,4,0,3
BRDA:150,4,1,4
BRDA:157,5,0,7
BRDA:157,5,1,7
BRDA:157,5,2,7
BRDA:164,6,0,1
BRDA:164,6,1,6
BRF:15
BRH:13
end_of_record
TN:
SF:src\lib\ai\tools\index.ts
FN:11,makeProTools
FN:29,(anonymous_1)
FN:68,(anonymous_2)
FN:109,(anonymous_3)
FN:153,(anonymous_4)
FN:182,(anonymous_5)
FNF:6
FNH:6
FNDA:10,makeProTools
FNDA:3,(anonymous_1)
FNDA:2,(anonymous_2)
FNDA:3,(anonymous_3)
FNDA:1,(anonymous_4)
FNDA:1,(anonymous_5)
DA:12,10
DA:15,10
DA:35,3
DA:49,3
DA:51,3
DA:70,2
DA:77,2
DA:78,1
DA:81,1
DA:87,1
DA:89,1
DA:111,3
DA:118,3
DA:119,1
DA:122,2
DA:123,1
DA:129,1
DA:135,1
DA:137,1
DA:154,1
DA:163,1
DA:165,1
DA:183,1
DA:194,1
DA:196,1
LF:25
LH:25
BRDA:42,0,0,1
BRDA:42,0,1,2
BRDA:49,1,0,0
BRDA:49,1,1,3
BRDA:77,2,0,1
BRDA:77,2,1,1
BRDA:87,3,0,0
BRDA:87,3,1,1
BRDA:118,4,0,1
BRDA:118,4,1,2
BRDA:122,5,0,1
BRDA:122,5,1,1
BRDA:135,6,0,0
BRDA:135,6,1,1
BRDA:163,7,0,0
BRDA:163,7,1,1
BRDA:194,8,0,0
BRDA:194,8,1,1
BRF:18
BRH:13
end_of_record
TN:
SF:src\lib\analytics\events.ts
FN:8,trackEvent
FN:18,(anonymous_1)
FN:18,(anonymous_2)
FN:23,trackImportCompleted
FN:31,trackChatMessageSent
FN:39,trackTrialStarted
FN:46,trackSubscriptionCreated
FN:54,trackOnboardingCompleted
FNF:8
FNH:6
FNDA:11,trackEvent
FNDA:0,(anonymous_1)
FNDA:0,(anonymous_2)
FNDA:2,trackImportCompleted
FNDA:1,trackChatMessageSent
FNDA:1,trackTrialStarted
FNDA:1,trackSubscriptionCreated
FNDA:2,trackOnboardingCompleted
DA:15,11
DA:28,2
DA:36,1
DA:43,1
DA:51,1
DA:59,2
LF:6
LH:6
BRDA:12,0,0,11
BRF:1
BRH:1
end_of_record
TN:
SF:src\lib\billing\asaas.ts
FN:41,asaasFetch
FN:58,createCustomer
FN:65,createSubscription
FN:72,cancelSubscription
FN:78,getSubscription
FNF:5
FNH:5
FNDA:5,asaasFetch
FNDA:2,createCustomer
FNDA:1,createSubscription
FNDA:1,cancelSubscription
FNDA:1,getSubscription
DA:43,5
DA:44,5
DA:52,5
DA:53,1
DA:55,4
DA:59,2
DA:66,1
DA:73,1
DA:79,1
DA:83,1
LF:10
LH:10
BRDA:43,0,0,5
BRDA:43,0,1,0
BRDA:52,1,0,1
BRDA:52,1,1,4
BRF:4
BRH:3
end_of_record
TN:
SF:src\lib\billing\plans.ts
FN:120,getEffectiveTier
FNF:1
FNH:1
FNDA:34,getEffectiveTier
DA:1,5
DA:20,5
DA:91,5
DA:93,5
DA:96,5
DA:124,34
DA:125,20
DA:126,13
LF:8
LH:8
BRDA:124,0,0,14
BRDA:124,0,1,20
BRDA:125,1,0,7
BRDA:125,1,1,13
BRDA:125,2,0,20
BRDA:125,2,1,11
BRF:6
BRH:6
end_of_record
TN:
SF:src\lib\billing\webhook-handler.ts
FN:31,isWithinGracePeriod
FN:37,handleAsaasWebhook
FNF:2
FNH:2
FNDA:4,isWithinGracePeriod
FNDA:9,handleAsaasWebhook
DA:29,1
DA:32,4
DA:33,4
DA:34,4
DA:43,9
DA:45,9
DA:47,1
DA:50,8
DA:53,4
DA:63,4
DA:64,1
DA:67,4
DA:72,1
DA:80,1
DA:81,0
DA:84,1
DA:89,2
DA:97,2
DA:98,0
DA:101,2
DA:106,1
LF:21
LH:19
BRDA:43,0,0,9
BRDA:43,0,1,4
BRDA:43,0,2,1
BRDA:45,1,0,1
BRDA:45,1,1,8
BRDA:50,2,0,3
BRDA:50,2,1,4
BRDA:50,2,2,1
BRDA:50,2,3,1
BRDA:50,2,4,2
BRDA:50,2,5,1
BRDA:58,3,0,4
BRDA:58,3,1,1
BRDA:59,4,0,4
BRDA:59,4,1,1
BRDA:63,5,0,1
BRDA:63,5,1,3
BRDA:80,6,0,0
BRDA:80,6,1,1
BRDA:97,7,0,0
BRDA:97,7,1,2
BRF:21
BRH:19
end_of_record
TN:
SF:src\lib\onboarding\bank-instructions.ts
FNF:0
FNH:0
DA:9,1
LF:1
LH:1
BRF:0
BRH:0
end_of_record
TN:
SF:src\lib\parsers\csv-parser.ts
FN:7,parseCSV
FN:11,(anonymous_1)
FN:32,(anonymous_2)
FN:51,detectDelimiter
FN:57,splitCSVLine
FN:84,detectFormatFromBankName
FNF:6
FNH:6
FNDA:24,parseCSV
FNDA:157,(anonymous_1)
FNDA:405,(anonymous_2)
FNDA:22,detectDelimiter
FNDA:132,splitCSVLine
FNDA:22,detectFormatFromBankName
DA:8,24
DA:11,157
DA:12,24
DA:13,2
DA:16,22
DA:17,22
DA:18,22
DA:21,22
DA:23,24
DA:25,24
DA:26,110
DA:27,110
DA:29,110
DA:30,110
DA:32,110
DA:33,405
DA:36,110
DA:37,110
DA:38,110
DA:44,110
DA:45,0
DA:48,22
DA:52,22
DA:53,22
DA:54,22
DA:58,132
DA:59,132
DA:60,132
DA:62,132
DA:63,4787
DA:65,4787
DA:66,0
DA:67,0
DA:68,0
DA:70,0
DA:72,4787
DA:73,354
DA:74,354
DA:76,4433
DA:80,132
DA:81,132
DA:87,22
DA:88,19
DA:89,19
DA:90,12
DA:91,4
DA:92,0
LF:47
LH:41
BRDA:12,0,0,2
BRDA:12,0,1,22
BRDA:21,1,0,22
BRDA:21,1,1,3
BRDA:27,2,0,0
BRDA:27,2,1,110
BRDA:33,3,0,405
BRDA:33,3,1,0
BRDA:38,4,0,110
BRDA:38,4,1,0
BRDA:44,5,0,0
BRDA:44,5,1,110
BRDA:52,6,0,22
BRDA:52,6,1,14
BRDA:53,7,0,22
BRDA:53,7,1,8
BRDA:54,8,0,14
BRDA:54,8,1,8
BRDA:65,9,0,0
BRDA:65,9,1,4787
BRDA:66,10,0,0
BRDA:66,10,1,0
BRDA:66,11,0,0
BRDA:66,11,1,0
BRDA:72,12,0,354
BRDA:72,12,1,4433
BRDA:72,13,0,4787
BRDA:72,13,1,354
BRDA:87,14,0,3
BRDA:87,14,1,19
BRDA:89,15,0,7
BRDA:89,15,1,12
BRDA:89,16,0,19
BRDA:89,16,1,12
BRDA:90,17,0,8
BRDA:90,17,1,4
BRDA:90,18,0,12
BRDA:90,18,1,4
BRDA:91,19,0,4
BRDA:91,19,1,0
BRF:40
BRH:30
end_of_record
TN:
SF:src\lib\parsers\ofx-parser.ts
FN:7,parseOFX
FN:69,extractField
FN:75,parseOFXDate
FNF:3
FNH:3
FNDA:13,parseOFX
FNDA:210,extractField
FNDA:42,parseOFXDate
DA:8,13
DA:11,13
DA:14,13
DA:18,13
DA:20,13
DA:21,42
DA:23,42
DA:24,42
DA:25,42
DA:26,42
DA:27,42
DA:29,42
DA:31,42
DA:32,42
DA:34,42
DA:39,42
DA:40,7
DA:41,35
DA:42,34
DA:44,1
DA:49,42
DA:50,42
DA:51,42
DA:53,42
DA:62,13
DA:63,2
DA:66,11
DA:70,210
DA:71,210
DA:72,210
DA:77,42
DA:78,42
DA:79,42
DA:80,42
DA:81,42
LF:35
LH:35
BRDA:27,0,0,42
BRDA:27,0,1,0
BRDA:29,1,0,0
BRDA:29,1,1,42
BRDA:29,2,0,42
BRDA:29,2,1,42
BRDA:29,2,2,42
BRDA:34,3,0,0
BRDA:34,3,1,42
BRDA:39,4,0,7
BRDA:39,4,1,35
BRDA:41,5,0,34
BRDA:41,5,1,1
BRDA:44,6,0,1
BRDA:44,6,1,0
BRDA:49,7,0,42
BRDA:49,7,1,39
BRDA:51,8,0,39
BRDA:51,8,1,3
BRDA:62,9,0,2
BRDA:62,9,1,11
BRDA:72,10,0,210
BRDA:72,10,1,0
BRF:23
BRH:18
end_of_record
TN:
SF:src\lib\parsers\utils.ts
FN:3,normalizeDescription
FN:13,generateExternalId
FNF:2
FNH:2
FNDA:132,normalizeDescription
FNDA:127,generateExternalId
DA:4,132
DA:14,127
DA:15,127
DA:16,127
LF:4
LH:4
BRF:0
BRH:0
end_of_record
TN:
SF:src\lib\parsers\bank-formats\bradesco.ts
FN:9,isBradescoFormat
FN:10,(anonymous_1)
FN:11,(anonymous_2)
FN:12,(anonymous_3)
FN:15,parseBradescoRow
FN:19,(anonymous_5)
FN:22,(anonymous_6)
FN:58,parseDateBR
FN:66,parseAmountBR
FNF:9
FNH:9
FNDA:8,isBradescoFormat
FNDA:29,(anonymous_1)
FNDA:26,(anonymous_2)
FNDA:9,(anonymous_3)
FNDA:26,parseBradescoRow
FNDA:103,(anonymous_5)
FNDA:129,(anonymous_6)
FNDA:26,parseDateBR
FNDA:26,parseAmountBR
DA:10,29
DA:11,26
DA:12,9
DA:16,26
DA:17,26
DA:19,26
DA:20,103
DA:22,26
DA:23,129
DA:26,26
DA:27,26
DA:29,26
DA:30,26
DA:33,26
DA:35,26
DA:36,26
DA:41,26
DA:42,5
DA:43,5
DA:45,21
DA:46,21
DA:49,26
DA:59,26
DA:60,25
DA:61,25
DA:63,1
DA:67,26
DA:68,26
DA:69,26
DA:70,26
LF:30
LH:30
BRDA:11,0,0,8
BRDA:11,0,1,2
BRDA:11,1,0,26
BRDA:11,1,1,24
BRDA:12,2,0,9
BRDA:12,2,1,7
BRDA:16,3,0,26
BRDA:16,3,1,1
BRDA:16,3,2,1
BRDA:17,4,0,26
BRDA:17,4,1,0
BRDA:17,4,2,0
BRDA:17,4,3,0
BRDA:17,4,4,0
BRDA:20,5,0,103
BRDA:20,5,1,77
BRDA:23,6,0,129
BRDA:23,6,1,103
BRDA:26,7,0,26
BRDA:26,7,1,0
BRDA:27,8,0,26
BRDA:27,8,1,0
BRDA:29,9,0,5
BRDA:29,9,1,21
BRDA:30,10,0,21
BRDA:30,10,1,5
BRDA:33,11,0,0
BRDA:33,11,1,26
BRDA:33,12,0,26
BRDA:33,12,1,21
BRDA:41,13,0,5
BRDA:41,13,1,21
BRDA:59,14,0,25
BRDA:59,14,1,1
BRDA:67,15,0,0
BRDA:67,15,1,26
BRDA:70,16,0,0
BRDA:70,16,1,26
BRF:38
BRH:29
end_of_record
TN:
SF:src\lib\parsers\bank-formats\index.ts
FN:9,detectBankFormat
FN:16,parseRowWithFormat
FN:32,parseGenericRow
FN:35,(anonymous_3)
FN:36,(anonymous_4)
FN:37,(anonymous_5)
FNF:6
FNH:6
FNDA:8,detectBankFormat
FNDA:117,parseRowWithFormat
FNDA:4,parseGenericRow
FNDA:4,(anonymous_3)
FNDA:7,(anonymous_4)
FNDA:10,(anonymous_5)
DA:10,8
DA:11,6
DA:12,4
DA:13,1
DA:20,117
DA:22,41
DA:24,46
DA:26,26
DA:28,4
DA:33,4
DA:35,4
DA:36,7
DA:37,10
DA:39,4
DA:41,3
DA:42,3
DA:43,3
DA:45,3
DA:46,3
DA:48,3
DA:50,2
DA:52,4
LF:22
LH:22
BRDA:10,0,0,2
BRDA:10,0,1,6
BRDA:11,1,0,2
BRDA:11,1,1,4
BRDA:12,2,0,3
BRDA:12,2,1,1
BRDA:20,3,0,41
BRDA:20,3,1,46
BRDA:20,3,2,26
BRDA:20,3,3,4
BRDA:39,4,0,1
BRDA:39,4,1,3
BRDA:39,5,0,4
BRDA:39,5,1,3
BRDA:39,5,2,3
BRDA:48,6,0,1
BRDA:48,6,1,2
BRDA:48,7,0,3
BRDA:48,7,1,2
BRDA:48,7,2,2
BRDA:50,8,0,1
BRDA:50,8,1,1
BRF:22
BRH:22
end_of_record
TN:
SF:src\lib\parsers\bank-formats\itau.ts
FN:9,isItauFormat
FN:10,(anonymous_1)
FN:15,(anonymous_2)
FN:19,parseItauRow
FN:38,parseDateBR
FN:47,parseAmountBR
FNF:6
FNH:6
FNDA:6,isItauFormat
FNDA:19,(anonymous_1)
FNDA:7,(anonymous_2)
FNDA:46,parseItauRow
FNDA:46,parseDateBR
FNDA:46,parseAmountBR
DA:10,19
DA:11,6
DA:15,7
DA:20,46
DA:21,46
DA:22,46
DA:24,46
DA:25,46
DA:26,46
DA:27,46
DA:29,46
DA:40,46
DA:41,46
DA:42,46
DA:44,0
DA:49,46
DA:50,46
LF:17
LH:16
BRDA:12,0,0,6
BRDA:12,0,1,5
BRDA:12,0,2,3
BRDA:12,0,3,2
BRDA:12,0,4,2
BRDA:15,1,0,7
BRDA:15,1,1,7
BRDA:15,1,2,7
BRDA:15,1,3,7
BRDA:20,2,0,46
BRDA:20,2,1,0
BRDA:20,2,2,0
BRDA:21,3,0,46
BRDA:21,3,1,0
BRDA:21,3,2,0
BRDA:21,3,3,0
BRDA:21,3,4,0
BRDA:22,4,0,46
BRDA:22,4,1,0
BRDA:22,4,2,0
BRDA:27,5,0,19
BRDA:27,5,1,27
BRDA:40,6,0,46
BRDA:40,6,1,0
BRF:24
BRH:15
end_of_record
TN:
SF:src\lib\parsers\bank-formats\nubank.ts
FN:9,isNubankFormat
FN:10,(anonymous_1)
FN:18,parseNubankRow
FN:44,parseDateISO
FNF:4
FNH:4
FNDA:7,isNubankFormat
FNDA:20,(anonymous_1)
FNDA:48,parseNubankRow
FNDA:48,parseDateISO
DA:10,20
DA:11,7
DA:19,48
DA:20,48
DA:22,48
DA:30,48
DA:31,48
DA:32,48
DA:33,48
DA:35,48
DA:46,48
DA:47,2
DA:48,1
DA:49,1
DA:51,1
LF:15
LH:15
BRDA:12,0,0,7
BRDA:12,0,1,6
BRDA:12,0,2,6
BRDA:12,0,3,3
BRDA:12,0,4,2
BRDA:12,0,5,2
BRDA:19,1,0,48
BRDA:19,1,1,2
BRDA:19,1,2,0
BRDA:20,2,0,48
BRDA:20,2,1,2
BRDA:20,2,2,0
BRDA:22,3,0,48
BRDA:22,3,1,4
BRDA:22,3,2,3
BRDA:22,3,3,3
BRDA:22,3,4,2
BRDA:22,3,5,1
BRDA:22,3,6,0
BRDA:33,4,0,8
BRDA:33,4,1,40
BRDA:46,5,0,46
BRDA:46,5,1,2
BRDA:47,6,0,1
BRDA:47,6,1,1
BRF:25
BRH:22
end_of_record
TN:
SF:src\lib\utils\category-aggregation.ts
FN:24,aggregateByCategory
FN:37,(anonymous_1)
FN:40,(anonymous_2)
FN:46,(anonymous_3)
FN:51,calcTrend
FN:63,buildCategoryBreakdown
FN:71,(anonymous_6)
FNF:7
FNH:7
FNDA:8,aggregateByCategory
FNDA:11,(anonymous_1)
FNDA:11,(anonymous_2)
FNDA:7,(anonymous_3)
FNDA:14,calcTrend
FNDA:5,buildCategoryBreakdown
FNDA:9,(anonymous_6)
DA:27,8
DA:29,8
DA:30,14
DA:31,12
DA:32,14
DA:33,12
DA:34,12
DA:37,11
DA:39,8
DA:40,11
DA:46,7
DA:52,14
DA:53,2
DA:55,12
DA:56,12
DA:57,8
DA:58,3
DA:68,5
DA:69,10
DA:71,9
LF:20
LH:20
BRDA:30,0,0,2
BRDA:30,0,1,12
BRDA:31,1,0,12
BRDA:31,1,1,1
BRDA:32,2,0,11
BRDA:32,2,1,3
BRDA:44,3,0,11
BRDA:44,3,1,0
BRDA:52,4,0,2
BRDA:52,4,1,12
BRDA:56,5,0,4
BRDA:56,5,1,8
BRDA:57,6,0,5
BRDA:57,6,1,3
BRDA:73,7,0,7
BRDA:73,7,1,2
BRDA:73,8,0,7
BRDA:73,8,1,1
BRF:18
BRH:17
end_of_record
TN:
SF:src\lib\utils\format.ts
FN:3,normalizeDescription
FN:13,formatCurrency
FN:20,formatDate
FN:24,formatDateShort
FN:33,formatDateRelative
FN:45,getMonthBounds
FN:56,getPrevMonthBounds
FN:67,groupByWeek
FN:78,(anonymous_8)
FNF:9
FNH:9
FNDA:24,normalizeDescription
FNDA:10,formatCurrency
FNDA:1,formatDate
FNDA:2,formatDateShort
FNDA:3,formatDateRelative
FNDA:30,getMonthBounds
FNDA:2,getPrevMonthBounds
FNDA:4,groupByWeek
FNDA:2,(anonymous_8)
DA:4,24
DA:14,10
DA:21,1
DA:25,2
DA:34,3
DA:35,3
DA:36,3
DA:37,3
DA:38,3
DA:40,3
DA:41,2
DA:42,1
DA:46,30
DA:47,30
DA:48,30
DA:49,30
DA:50,30
DA:57,2
DA:58,2
DA:70,4
DA:71,4
DA:72,8
DA:73,8
DA:74,8
DA:75,8
DA:76,3
DA:78,4
LF:27
LH:27
BRDA:40,0,0,1
BRDA:40,0,1,2
BRDA:41,1,0,1
BRDA:41,1,1,1
BRDA:45,2,0,30
BRDA:74,3,0,5
BRDA:74,3,1,3
BRDA:75,4,0,5
BRDA:75,4,1,3
BRF:9
BRH:9
end_of_record
